0 info it worked if it ends with ok
1 verbose cli [ '/usr/bin/node',
1 verbose cli   '/usr/bin/npm',
1 verbose cli   'install',
1 verbose cli   'grunt-karma',
1 verbose cli   'karma-ng-html2js-preprocessor',
1 verbose cli   'karma-ng-scenario',
1 verbose cli   '--save-dev' ]
2 info using npm@1.2.32
3 info using node@v0.10.12
4 verbose node symlink /usr/bin/node
5 verbose read json /home/steel/Projects/pdifference/package.json
6 warn package.json pdifference@0.0.0 No repository field.
7 warn package.json pdifference@0.0.0 No readme data.
8 verbose from cache /home/steel/Projects/pdifference/package.json
9 verbose readDependencies using package.json deps
10 verbose cache add [ 'grunt-karma', null ]
11 verbose cache add name=undefined spec="grunt-karma" args=["grunt-karma",null]
12 verbose parsed url { protocol: null,
12 verbose parsed url   slashes: null,
12 verbose parsed url   auth: null,
12 verbose parsed url   host: null,
12 verbose parsed url   port: null,
12 verbose parsed url   hostname: null,
12 verbose parsed url   hash: null,
12 verbose parsed url   search: null,
12 verbose parsed url   query: null,
12 verbose parsed url   pathname: 'grunt-karma',
12 verbose parsed url   path: 'grunt-karma',
12 verbose parsed url   href: 'grunt-karma' }
13 verbose cache add [ 'karma-ng-html2js-preprocessor', null ]
14 verbose cache add name=undefined spec="karma-ng-html2js-preprocessor" args=["karma-ng-html2js-preprocessor",null]
15 verbose parsed url { protocol: null,
15 verbose parsed url   slashes: null,
15 verbose parsed url   auth: null,
15 verbose parsed url   host: null,
15 verbose parsed url   port: null,
15 verbose parsed url   hostname: null,
15 verbose parsed url   hash: null,
15 verbose parsed url   search: null,
15 verbose parsed url   query: null,
15 verbose parsed url   pathname: 'karma-ng-html2js-preprocessor',
15 verbose parsed url   path: 'karma-ng-html2js-preprocessor',
15 verbose parsed url   href: 'karma-ng-html2js-preprocessor' }
16 verbose cache add [ 'karma-ng-scenario', null ]
17 verbose cache add name=undefined spec="karma-ng-scenario" args=["karma-ng-scenario",null]
18 verbose parsed url { protocol: null,
18 verbose parsed url   slashes: null,
18 verbose parsed url   auth: null,
18 verbose parsed url   host: null,
18 verbose parsed url   port: null,
18 verbose parsed url   hostname: null,
18 verbose parsed url   hash: null,
18 verbose parsed url   search: null,
18 verbose parsed url   query: null,
18 verbose parsed url   pathname: 'karma-ng-scenario',
18 verbose parsed url   path: 'karma-ng-scenario',
18 verbose parsed url   href: 'karma-ng-scenario' }
19 silly lockFile 707ccff9-grunt-karma grunt-karma
20 verbose lock grunt-karma /home/steel/.npm/707ccff9-grunt-karma.lock
21 silly lockFile 18de6d31-karma-ng-html2js-preprocessor karma-ng-html2js-preprocessor
22 verbose lock karma-ng-html2js-preprocessor /home/steel/.npm/18de6d31-karma-ng-html2js-preprocessor.lock
23 silly lockFile e5bca250-karma-ng-scenario karma-ng-scenario
24 verbose lock karma-ng-scenario /home/steel/.npm/e5bca250-karma-ng-scenario.lock
25 silly lockFile 707ccff9-grunt-karma grunt-karma
26 silly lockFile 707ccff9-grunt-karma grunt-karma
27 silly lockFile 18de6d31-karma-ng-html2js-preprocessor karma-ng-html2js-preprocessor
28 silly lockFile 18de6d31-karma-ng-html2js-preprocessor karma-ng-html2js-preprocessor
29 silly lockFile e5bca250-karma-ng-scenario karma-ng-scenario
30 silly lockFile e5bca250-karma-ng-scenario karma-ng-scenario
31 verbose addNamed [ 'grunt-karma', '' ]
32 verbose addNamed [ null, '' ]
33 silly lockFile 94531edb-grunt-karma grunt-karma@
34 verbose lock grunt-karma@ /home/steel/.npm/94531edb-grunt-karma.lock
35 verbose addNamed [ 'karma-ng-html2js-preprocessor', '' ]
36 verbose addNamed [ null, '' ]
37 silly lockFile 9f59274a-karma-ng-html2js-preprocessor karma-ng-html2js-preprocessor@
38 verbose lock karma-ng-html2js-preprocessor@ /home/steel/.npm/9f59274a-karma-ng-html2js-preprocessor.lock
39 verbose addNamed [ 'karma-ng-scenario', '' ]
40 verbose addNamed [ null, '' ]
41 silly lockFile 4f100e2f-karma-ng-scenario karma-ng-scenario@
42 verbose lock karma-ng-scenario@ /home/steel/.npm/4f100e2f-karma-ng-scenario.lock
43 silly addNameRange { name: 'grunt-karma', range: '', hasData: false }
44 silly addNameRange { name: 'karma-ng-html2js-preprocessor',
44 silly addNameRange   range: '',
44 silly addNameRange   hasData: false }
45 silly addNameRange { name: 'karma-ng-scenario', range: '', hasData: false }
46 verbose url raw grunt-karma
47 verbose url resolving [ 'https://registry.npmjs.org/', './grunt-karma' ]
48 verbose url resolved https://registry.npmjs.org/grunt-karma
49 info trying registry request attempt 1 at 08:51:29
50 http GET https://registry.npmjs.org/grunt-karma
51 verbose url raw karma-ng-html2js-preprocessor
52 verbose url resolving [ 'https://registry.npmjs.org/',
52 verbose url resolving   './karma-ng-html2js-preprocessor' ]
53 verbose url resolved https://registry.npmjs.org/karma-ng-html2js-preprocessor
54 info trying registry request attempt 1 at 08:51:29
55 http GET https://registry.npmjs.org/karma-ng-html2js-preprocessor
56 verbose url raw karma-ng-scenario
57 verbose url resolving [ 'https://registry.npmjs.org/', './karma-ng-scenario' ]
58 verbose url resolved https://registry.npmjs.org/karma-ng-scenario
59 info trying registry request attempt 1 at 08:51:29
60 verbose etag "5WK8F1IVMOY295GYAYTKPU94I"
61 http GET https://registry.npmjs.org/karma-ng-scenario
62 http 304 https://registry.npmjs.org/karma-ng-scenario
63 silly registry.get cb [ 304,
63 silly registry.get   { server: 'CouchDB/1.3.1 (Erlang OTP/R15B03)',
63 silly registry.get     etag: '"5WK8F1IVMOY295GYAYTKPU94I"',
63 silly registry.get     date: 'Sun, 27 Oct 2013 13:51:30 GMT',
63 silly registry.get     'content-length': '0' } ]
64 verbose etag karma-ng-scenario from cache
65 silly addNameRange number 2 { name: 'karma-ng-scenario', range: '', hasData: true }
66 silly addNameRange versions [ 'karma-ng-scenario', [ '0.0.1', '0.0.2', '0.1.0' ] ]
67 verbose addNamed [ 'karma-ng-scenario', '0.1.0' ]
68 verbose addNamed [ '0.1.0', '0.1.0' ]
69 silly lockFile f90b10d8-karma-ng-scenario-0-1-0 karma-ng-scenario@0.1.0
70 verbose lock karma-ng-scenario@0.1.0 /home/steel/.npm/f90b10d8-karma-ng-scenario-0-1-0.lock
71 verbose read json /home/steel/.npm/karma-ng-scenario/0.1.0/package/package.json
72 http 200 https://registry.npmjs.org/karma-ng-html2js-preprocessor
73 silly registry.get cb [ 200,
73 silly registry.get   { vary: 'Accept',
73 silly registry.get     server: 'CouchDB/1.3.1 (Erlang OTP/R15B03)',
73 silly registry.get     etag: '"6KUUXNBM2HIYFFM70BDUG35K4"',
73 silly registry.get     date: 'Sun, 27 Oct 2013 13:51:30 GMT',
73 silly registry.get     'content-type': 'application/json',
73 silly registry.get     'content-length': '16412' } ]
74 silly addNameRange number 2 { name: 'karma-ng-html2js-preprocessor',
74 silly addNameRange   range: '',
74 silly addNameRange   hasData: true }
75 silly addNameRange versions [ 'karma-ng-html2js-preprocessor',
75 silly addNameRange   [ '0.0.1', '0.0.2', '0.0.3', '0.0.4', '0.1.0' ] ]
76 verbose addNamed [ 'karma-ng-html2js-preprocessor', '0.1.0' ]
77 verbose addNamed [ '0.1.0', '0.1.0' ]
78 silly lockFile b1e18fdd-ma-ng-html2js-preprocessor-0-1-0 karma-ng-html2js-preprocessor@0.1.0
79 verbose lock karma-ng-html2js-preprocessor@0.1.0 /home/steel/.npm/b1e18fdd-ma-ng-html2js-preprocessor-0-1-0.lock
80 silly lockFile dcc56787-g-html2js-preprocessor-0-1-0-tgz https://registry.npmjs.org/karma-ng-html2js-preprocessor/-/karma-ng-html2js-preprocessor-0.1.0.tgz
81 verbose lock https://registry.npmjs.org/karma-ng-html2js-preprocessor/-/karma-ng-html2js-preprocessor-0.1.0.tgz /home/steel/.npm/dcc56787-g-html2js-preprocessor-0-1-0-tgz.lock
82 verbose addRemoteTarball [ 'https://registry.npmjs.org/karma-ng-html2js-preprocessor/-/karma-ng-html2js-preprocessor-0.1.0.tgz',
82 verbose addRemoteTarball   '80c52f533108359b13963337430da3843b626706' ]
83 silly lockFile dcc56787-g-html2js-preprocessor-0-1-0-tgz https://registry.npmjs.org/karma-ng-html2js-preprocessor/-/karma-ng-html2js-preprocessor-0.1.0.tgz
84 silly lockFile dcc56787-g-html2js-preprocessor-0-1-0-tgz https://registry.npmjs.org/karma-ng-html2js-preprocessor/-/karma-ng-html2js-preprocessor-0.1.0.tgz
85 silly lockFile b1e18fdd-ma-ng-html2js-preprocessor-0-1-0 karma-ng-html2js-preprocessor@0.1.0
86 silly lockFile b1e18fdd-ma-ng-html2js-preprocessor-0-1-0 karma-ng-html2js-preprocessor@0.1.0
87 silly lockFile 9f59274a-karma-ng-html2js-preprocessor karma-ng-html2js-preprocessor@
88 silly lockFile 9f59274a-karma-ng-html2js-preprocessor karma-ng-html2js-preprocessor@
89 error Error: EACCES, mkdir '/home/steel/tmp/npm-2254'
89 error  { [Error: EACCES, mkdir '/home/steel/tmp/npm-2254'] errno: 3, code: 'EACCES', path: '/home/steel/tmp/npm-2254' }
90 error Please try running this command again as root/Administrator.
91 error System Linux 3.8.11
92 error command "/usr/bin/node" "/usr/bin/npm" "install" "grunt-karma" "karma-ng-html2js-preprocessor" "karma-ng-scenario" "--save-dev"
93 error cwd /home/steel/Projects/pdifference
94 error node -v v0.10.12
95 error npm -v 1.2.32
96 error path /home/steel/tmp/npm-2254
97 error code EACCES
98 error errno 3
99 error stack Error: EACCES, mkdir '/home/steel/tmp/npm-2254'
100 verbose exit [ 3, true ]
